2025-12-04 23:28:58,196 - INFO - Starting data ingestion...
2025-12-04 23:28:58,199 - WARNING - No CSV files found in D:\campus dashboard\data
2025-12-04 23:28:58,199 - INFO - Combining data...
2025-12-04 23:28:58,233 - ERROR - No data available after ingest. Exiting.
2025-12-04 23:29:00,596 - INFO - Starting data ingestion...
2025-12-04 23:29:00,597 - WARNING - No CSV files found in D:\campus dashboard\data
2025-12-04 23:29:00,598 - INFO - Combining data...
2025-12-04 23:29:00,601 - ERROR - No data available after ingest. Exiting.
2025-12-04 23:29:02,934 - INFO - Starting data ingestion...
2025-12-04 23:29:02,936 - WARNING - No CSV files found in D:\campus dashboard\data
2025-12-04 23:29:02,937 - INFO - Combining data...
2025-12-04 23:29:02,970 - ERROR - No data available after ingest. Exiting.
2025-12-04 23:29:05,461 - INFO - Starting data ingestion...
2025-12-04 23:29:05,463 - WARNING - No CSV files found in D:\campus dashboard\data
2025-12-04 23:29:05,463 - INFO - Combining data...
2025-12-04 23:29:05,466 - ERROR - No data available after ingest. Exiting.
2025-12-04 23:32:17,384 | INFO | ===== Energy Dashboard Pipeline Started =====
2025-12-04 23:32:17,386 | WARNING | No CSV files found in directory: D:\campus dashboard\data
2025-12-04 23:32:17,398 | ERROR | No usable data detected; stopping.
2025-12-04 23:34:28,196 | INFO | ===== Energy Dashboard Pipeline Started =====
2025-12-04 23:34:32,446 | INFO | Clean CSV and summary CSV saved.
2025-12-04 23:34:32,453 | INFO | ===== Pipeline Complete =====
